<?xml version="1.0" encoding="UTF-8"?>
<!-- Generated by org.testng.reporters.JUnitXMLReporter -->
<testsuite ignored="0" hostname="DESKTOP-3LQC5PV" failures="0" tests="1" name="OPENCARTTest" time="0.064" errors="0" timestamp="2023-03-06T02:10:48 IST">
  <testcase classname="testBase.BaseClass" name="@BeforeClass setup" time="-1.678048848036E9">
    <failure type="org.testng.TestNGException" message="
Parameter &amp;apos;browser&amp;apos; is required by BeforeClass on method setup but has not been marked @Optional or defined
in C:\Users\Asif\eclipse-workspace\Opencartnew\testng.xml">
      <![CDATA[org.testng.TestNGException: 
Parameter 'browser' is required by BeforeClass on method setup but has not been marked @Optional or defined
in C:\Users\Asif\eclipse-workspace\Opencartnew\testng.xml
at java.base/java.util.ArrayList.forEach(ArrayList.java:1511)
... Removed 22 stack frames]]>
    </failure>
  </testcase> <!-- @BeforeClass setup -->
  <testcase classname="testBase.BaseClass" name="@AfterClass tearDown" time="-1.678048848072E9">
    <skipped/>
  </testcase> <!-- @AfterClass tearDown -->
  <testcase classname="testCase.TC_002_LoginTest" name="test_Login" time="0.0">
    <skipped/>
  </testcase> <!-- test_Login -->
</testsuite> <!-- OPENCARTTest -->
